<?xml version="1.0" encoding="UTF-8"?>
<!-- Generated by org.testng.reporters.JUnitReportReporter -->
<testsuite skipped="0" hostname="DESKTOP-UCO24AF" name="testcases.ServiceNowExe" tests="1" failures="0" timestamp="2021-05-27T19:06:46 IST" time="34.569" errors="0">
  <testcase name="exeServiceNow" time="34.569" classname="testcases.ServiceNowExe"/>
  <system-out/>
</testsuite> <!-- testcases.ServiceNowExe -->
