<?xml version="1.0" encoding="UTF-8"?>
<!-- Generated by org.testng.reporters.JUnitReportReporter -->
<testsuite skipped="0" hostname="DESKTOP-UCO24AF" name="testcases.CreateLeadPom" tests="2" failures="0" timestamp="2021-05-23T16:11:17 IST" time="40.428" errors="0">
  <testcase name="createLeadExe" time="15.940" classname="testcases.CreateLeadPom"/>
  <system-out/>
  <testcase name="createLeadExe" time="24.488" classname="testcases.CreateLeadPom"/>
  <system-out/>
</testsuite> <!-- testcases.CreateLeadPom -->
