<?xml version="1.0" encoding="UTF-8"?>
<!-- Generated by org.testng.reporters.JUnitReportReporter -->
<testsuite skipped="0" hostname="DESKTOP-UCO24AF" name="testcases.LoginPom" tests="1" failures="0" timestamp="2021-05-22T18:16:51 IST" time="17.604" errors="0">
  <testcase name="loginExe" time="17.604" classname="testcases.LoginPom"/>
  <system-out/>
</testsuite> <!-- testcases.LoginPom -->
